
Text file name: /Users/thatchett/Documents/pololitics/Jokes Analysis/Edited Jokes - Late Night Only1.xlsx

Configuration:
Drop list file name: none
Include list file name: none
Character filter file name: none
Select list file name: none
Drop words less frequent than: 3
Drop word pairs less frequent than: 3
Preserve wordpair order: yes
Include numbers as words: no
Link until sentence end: yes
Link steps: 3
Linkage Strength Method: CONSTANT
Remove punctuation inside words: yes
Compound words: combine
Using Porter stemming algorithm: no
Using Chinese filter: no
Replace English contracted forms: no
Replace 's ending by is word: no

ERROR: Problem with text : Failed to determine encoding
	Filename: /Users/thatchett/Documents/pololitics/Jokes Analysis/Edited Jokes - Late Night Only1.xlsx
